Arguments: 
  /usr/local/bin/node /usr/local/bin/yarn add electron-builder --dev --network-timeout 1000000000

PATH: 
  /opt/homebrew/bin:/opt/homebrew/sbin:/opt/local/bin:/opt/local/sbin:/usr/local/bin:/usr/bin:/bin:/usr/sbin:/sbin:/Library/Apple/usr/bin:/Users/eliasbinder/Desktop/Semester 3/Introduction to Databases/Project/examify-teacher/node_modules/.bin

Yarn version: 
  1.22.10

Node version: 
  14.16.0

Platform: 
  darwin x64

Trace: 
  Error: unexpected end of file
      at Zlib.zlibOnError [as onerror] (zlib.js:181:17)

npm manifest: 
  {
    "name": "examify-teacher",
    "version": "1.0.0",
    "description": "",
    "main": "app.js",
    "scripts": {
      "test": "echo \"Error: no test specified\" && exit 1",
      "start": "electron .",
      "dist_linux": "electron-builder build --linux"
    },
    "keywords": [],
    "author": "Elias Binder",
    "license": "ISC",
    "devDependencies": {
      "electron": "^15.3.0"
    },
    "dependencies": {
      "shell": "^0.8.4",
      "yarn": "^1.22.17"
    }
  }

yarn manifest: 
  No manifest

Lockfile: 
  No lockfile
